#
# A fatal error has been detected by the Java Runtime Environment:
#
#  EXCEPTION_ACCESS_VIOLATION (0xc0000005) at pc=0x000000007110b5db, pid=27960, tid=25520
#
# JRE version: OpenJDK Runtime Environment (15.0.2+7) (build 15.0.2+7-27)
# Java VM: OpenJDK 64-Bit Server VM (15.0.2+7-27, mixed mode, tiered, compressed oops, g1 gc, windows-amd64)
# Problematic frame:
# C  [jSSC-2.8_x86_64.dll+0xb5db]
#
# No core dump will be written. Minidumps are not enabled by default on client versions of Windows
#
# If you would like to submit a bug report, please visit:
#   https://bugreport.java.com/bugreport/crash.jsp
# The crash happened outside the Java Virtual Machine in native code.
# See problematic frame for where to report the bug.
#

---------------  S U M M A R Y ------------

Command Line: -Dcom.sun.management.jmxremote -Dcom.sun.management.jmxremote.port=60082 -Dcom.sun.management.jmxremote.authenticate=false -Dcom.sun.management.jmxremote.ssl=false -Djava.rmi.server.hostname=localhost -Dspring.jmx.enabled=true -Dspring.application.admin.enabled=true -XX:TieredStopAtLevel=1 -Dspring.boot.project.name=AgroIOT -Dfile.encoding=UTF-8 -XX:+ShowCodeDetailsInExceptionMessages com.co.proyecto.agroiot.AgroiotApplication --spring.output.ansi.enabled=always

Host: Intel(R) Core(TM) i7-1065G7 CPU @ 1.30GHz, 8 cores, 7G,  Windows 10 , 64 bit Build 19041 (10.0.19041.928)
Time: Tue May  4 22:09:08 2021 Hora est. Pacífico, Sudamérica elapsed time: 13.914375 seconds (0d 0h 0m 13s)

---------------  T H R E A D  ---------------

Current thread (0x000001b3dfedbe70):  JavaThread "http-nio-8080-exec-2" daemon [_thread_in_native, id=25520, stack(0x0000004064200000,0x0000004064300000)]

Stack: [0x0000004064200000,0x0000004064300000],  sp=0x00000040642fcb20,  free space=1010k
Native frames: (J=compiled Java code, j=interpreted, Vv=VM code, C=native code)
C  [jSSC-2.8_x86_64.dll+0xb5db]

Java frames: (J=compiled Java code, j=interpreted, Vv=VM code)
j  jssc.SerialNativeInterface.openPort(Ljava/lang/String;Z)J+0
j  jssc.SerialPort.openPort()Z+65
j  com.panamahitek.PanamaHitek_Arduino.arduinoRX(Ljava/lang/String;ILjssc/SerialPortEventListener;)V+58
j  com.co.proyecto.agroiot.servicios.ServiciosArduinoImplementacion.obtenerDatosDesdeArduino()Ljava/util/HashMap;+19
j  com.co.proyecto.agroiot.controlador.ArduinoControlador.obtenerDatosDesdeArduino()Ljava/util/HashMap;+4
v  ~StubRoutines::call_stub
J 2546  jdk.internal.reflect.NativeMethodAccessorImpl.invoke0(Ljava/lang/reflect/Method;Ljava/lang/Object;[Ljava/lang/Object;)Ljava/lang/Object; java.base@15.0.2 (0 bytes) @ 0x000001b3c74104bf [0x000001b3c7410440+0x000000000000007f]
J 2545 c1 jdk.internal.reflect.NativeMethodAccessorImpl.invoke(Ljava/lang/Object;[Ljava/lang/Object;)Ljava/lang/Object; java.base@15.0.2 (117 bytes) @ 0x000001b3c7410cbc [0x000001b3c74109a0+0x000000000000031c]
J 2364 c1 jdk.internal.reflect.DelegatingMethodAccessorImpl.invoke(Ljava/lang/Object;[Ljava/lang/Object;)Ljava/lang/Object; java.base@15.0.2 (10 bytes) @ 0x000001b3c73be3e4 [0x000001b3c73be3a0+0x0000000000000044]
J 2368 c1 java.lang.reflect.Method.invoke(Ljava/lang/Object;[Ljava/lang/Object;)Ljava/lang/Object; java.base@15.0.2 (65 bytes) @ 0x000001b3c73bf054 [0x000001b3c73bef60+0x00000000000000f4]
j  org.springframework.web.method.support.InvocableHandlerMethod.doInvoke([Ljava/lang/Object;)Ljava/lang/Object;+32
j  org.springframework.web.method.support.InvocableHandlerMethod.invokeForRequest(Lorg/springframework/web/context/request/NativeWebRequest;Lorg/springframework/web/method/support/ModelAndViewContainer;[Ljava/lang/Object;)Ljava/lang/Object;+54
j  org.springframework.web.servlet.mvc.method.annotation.ServletInvocableHandlerMethod.invokeAndHandle(Lorg/springframework/web/context/request/ServletWebRequest;Lorg/springframework/web/method/support/ModelAndViewContainer;[Ljava/lang/Object;)V+4
j  org.springframework.web.servlet.mvc.method.annotation.RequestMappingHandlerAdapter.invokeHandlerMethod(Ljavax/servlet/http/HttpServletRequest;Ljavax/servlet/http/HttpServletResponse;Lorg/springframework/web/method/HandlerMethod;)Lorg/springframework/web/servlet/ModelAndView;+244
j  org.springframework.web.servlet.mvc.method.annotation.RequestMappingHandlerAdapter.handleInternal(Ljavax/servlet/http/HttpServletRequest;Ljavax/servlet/http/HttpServletResponse;Lorg/springframework/web/method/HandlerMethod;)Lorg/springframework/web/servlet/ModelAndView;+81
j  org.springframework.web.servlet.mvc.method.AbstractHandlerMethodAdapter.handle(Ljavax/servlet/http/HttpServletRequest;Ljavax/servlet/http/HttpServletResponse;Ljava/lang/Object;)Lorg/springframework/web/servlet/ModelAndView;+7
j  org.springframework.web.servlet.DispatcherServlet.doDispatch(Ljavax/servlet/http/HttpServletRequest;Ljavax/servlet/http/HttpServletResponse;)V+257
j  org.springframework.web.servlet.DispatcherServlet.doService(Ljavax/servlet/http/HttpServletRequest;Ljavax/servlet/http/HttpServletResponse;)V+241
j  org.springframework.web.servlet.FrameworkServlet.processRequest(Ljavax/servlet/http/HttpServletRequest;Ljavax/servlet/http/HttpServletResponse;)V+71
j  org.springframework.web.servlet.FrameworkServlet.doGet(Ljavax/servlet/http/HttpServletRequest;Ljavax/servlet/http/HttpServletResponse;)V+3
j  javax.servlet.http.HttpServlet.service(Ljavax/servlet/http/HttpServletRequest;Ljavax/servlet/http/HttpServletResponse;)V+35
j  org.springframework.web.servlet.FrameworkServlet.service(Ljavax/servlet/http/HttpServletRequest;Ljavax/servlet/http/HttpServletResponse;)V+33
j  javax.servlet.http.HttpServlet.service(Ljavax/servlet/ServletRequest;Ljavax/servlet/ServletResponse;)V+36
j  org.apache.catalina.core.ApplicationFilterChain.internalDoFilter(Ljavax/servlet/ServletRequest;Ljavax/servlet/ServletResponse;)V+304
j  org.apache.catalina.core.ApplicationFilterChain.doFilter(Ljavax/servlet/ServletRequest;Ljavax/servlet/ServletResponse;)V+99
j  org.apache.tomcat.websocket.server.WsFilter.doFilter(Ljavax/servlet/ServletRequest;Ljavax/servlet/ServletResponse;Ljavax/servlet/FilterChain;)V+21
j  org.apache.catalina.core.ApplicationFilterChain.internalDoFilter(Ljavax/servlet/ServletRequest;Ljavax/servlet/ServletResponse;)V+135
j  org.apache.catalina.core.ApplicationFilterChain.doFilter(Ljavax/servlet/ServletRequest;Ljavax/servlet/ServletResponse;)V+99
j  org.springframework.web.filter.RequestContextFilter.doFilterInternal(Ljavax/servlet/http/HttpServletRequest;Ljavax/servlet/http/HttpServletResponse;Ljavax/servlet/FilterChain;)V+21
j  org.springframework.web.filter.OncePerRequestFilter.doFilter(Ljavax/servlet/ServletRequest;Ljavax/servlet/ServletResponse;Ljavax/servlet/FilterChain;)V+147
j  org.apache.catalina.core.ApplicationFilterChain.internalDoFilter(Ljavax/servlet/ServletRequest;Ljavax/servlet/ServletResponse;)V+135
j  org.apache.catalina.core.ApplicationFilterChain.doFilter(Ljavax/servlet/ServletRequest;Ljavax/servlet/ServletResponse;)V+99
j  org.springframework.web.filter.FormContentFilter.doFilterInternal(Ljavax/servlet/http/HttpServletRequest;Ljavax/servlet/http/HttpServletResponse;Ljavax/servlet/FilterChain;)V+38
j  org.springframework.web.filter.OncePerRequestFilter.doFilter(Ljavax/servlet/ServletRequest;Ljavax/servlet/ServletResponse;Ljavax/servlet/FilterChain;)V+147
j  org.apache.catalina.core.ApplicationFilterChain.internalDoFilter(Ljavax/servlet/ServletRequest;Ljavax/servlet/ServletResponse;)V+135
j  org.apache.catalina.core.ApplicationFilterChain.doFilter(Ljavax/servlet/ServletRequest;Ljavax/servlet/ServletResponse;)V+99
j  org.springframework.web.filter.CharacterEncodingFilter.doFilterInternal(Ljavax/servlet/http/HttpServletRequest;Ljavax/servlet/http/HttpServletResponse;Ljavax/servlet/FilterChain;)V+53
j  org.springframework.web.filter.OncePerRequestFilter.doFilter(Ljavax/servlet/ServletRequest;Ljavax/servlet/ServletResponse;Ljavax/servlet/FilterChain;)V+147
j  org.apache.catalina.core.ApplicationFilterChain.internalDoFilter(Ljavax/servlet/ServletRequest;Ljavax/servlet/ServletResponse;)V+135
j  org.apache.catalina.core.ApplicationFilterChain.doFilter(Ljavax/servlet/ServletRequest;Ljavax/servlet/ServletResponse;)V+99
j  org.apache.catalina.core.StandardWrapperValve.invoke(Lorg/apache/catalina/connector/Request;Lorg/apache/catalina/connector/Response;)V+694
j  org.apache.catalina.core.StandardContextValve.invoke(Lorg/apache/catalina/connector/Request;Lorg/apache/catalina/connector/Response;)V+169
j  org.apache.catalina.authenticator.AuthenticatorBase.invoke(Lorg/apache/catalina/connector/Request;Lorg/apache/catalina/connector/Response;)V+260
j  org.apache.catalina.core.StandardHostValve.invoke(Lorg/apache/catalina/connector/Request;Lorg/apache/catalina/connector/Response;)V+128
j  org.apache.catalina.valves.ErrorReportValve.invoke(Lorg/apache/catalina/connector/Request;Lorg/apache/catalina/connector/Response;)V+6
j  org.apache.catalina.core.StandardEngineValve.invoke(Lorg/apache/catalina/connector/Request;Lorg/apache/catalina/connector/Response;)V+59
j  org.apache.catalina.connector.CoyoteAdapter.service(Lorg/apache/coyote/Request;Lorg/apache/coyote/Response;)V+199
j  org.apache.coyote.http11.Http11Processor.service(Lorg/apache/tomcat/util/net/SocketWrapperBase;)Lorg/apache/tomcat/util/net/AbstractEndpoint$Handler$SocketState;+737
j  org.apache.coyote.AbstractProcessorLight.process(Lorg/apache/tomcat/util/net/SocketWrapperBase;Lorg/apache/tomcat/util/net/SocketEvent;)Lorg/apache/tomcat/util/net/AbstractEndpoint$Handler$SocketState;+170
j  org.apache.coyote.AbstractProtocol$ConnectionHandler.process(Lorg/apache/tomcat/util/net/SocketWrapperBase;Lorg/apache/tomcat/util/net/SocketEvent;)Lorg/apache/tomcat/util/net/AbstractEndpoint$Handler$SocketState;+505
j  org.apache.tomcat.util.net.NioEndpoint$SocketProcessor.doRun()V+216
j  org.apache.tomcat.util.net.SocketProcessorBase.run()V+21
j  java.util.concurrent.ThreadPoolExecutor.runWorker(Ljava/util/concurrent/ThreadPoolExecutor$Worker;)V+92 java.base@15.0.2
j  java.util.concurrent.ThreadPoolExecutor$Worker.run()V+5 java.base@15.0.2
j  org.apache.tomcat.util.threads.TaskThread$WrappingRunnable.run()V+4
j  java.lang.Thread.run()V+11 java.base@15.0.2
v  ~StubRoutines::call_stub

siginfo: EXCEPTION_ACCESS_VIOLATION (0xc0000005), reading address 0xffffffffe00d81b3


Register to memory mapping:

RIP=0x000000007110b5db jSSC-2.8_x86_64.dll
RAX=0xffffffffe00d81b3 is an unknown value
RBX=0x00000040642fcb90 is pointing into the stack for thread: 0x000001b3dfedbe70
RCX=0x00007ff8212ccf04 ntdll.dll
RDX=0x0 is NULL
RSP=0x00000040642fcb20 is pointing into the stack for thread: 0x000001b3dfedbe70
RBP=0x00000040642fcca0 is pointing into the stack for thread: 0x000001b3dfedbe70
RSI=0x000001b3dfedc198 points into unknown readable memory: 0x00007fffd966de40 | 40 de 66 d9 ff 7f 00 00
RDI=0x0000000000000bf8 is an unknown value
R8 =0x00000040642fca18 is pointing into the stack for thread: 0x000001b3dfedbe70
R9 =0x00000040642fcb10 is pointing into the stack for thread: 0x000001b3dfedbe70
R10=0x0 is NULL
R11=0x0000000000000246 is an unknown value
R12=0x00000040642fcd58 is pointing into the stack for thread: 0x000001b3dfedbe70
R13=0x000001b3e1d5a210 points into unknown readable memory: 0x00000000354d4f43 | 43 4f 4d 35 00 00 00 00
R14=0x00000040642fcc50 is pointing into the stack for thread: 0x000001b3dfedbe70
R15=0x000001b3dfedbe70 is a thread


Registers:
RAX=0xffffffffe00d81b3, RBX=0x00000040642fcb90, RCX=0x00007ff8212ccf04, RDX=0x0000000000000000
RSP=0x00000040642fcb20, RBP=0x00000040642fcca0, RSI=0x000001b3dfedc198, RDI=0x0000000000000bf8
R8 =0x00000040642fca18, R9 =0x00000040642fcb10, R10=0x0000000000000000, R11=0x0000000000000246
R12=0x00000040642fcd58, R13=0x000001b3e1d5a210, R14=0x00000040642fcc50, R15=0x000001b3dfedbe70
RIP=0x000000007110b5db, EFLAGS=0x0000000000010202

Top of Stack: (sp=0x00000040642fcb20)
0x00000040642fcb20:   000001b3e1c97300 000001b3e1d5a0a0
0x00000040642fcb30:   000000007110b230 000001b3c0d70000
0x00000040642fcb40:   000001b3c0e80000 0000000000000004
0x00000040642fcb50:   000001b3dfedc198 0000000000000bf8
0x00000040642fcb60:   00000040642fcca0 0000000071112590
0x00000040642fcb70:   000001b3dfedbe70 00000040642fcc50
0x00000040642fcb80:   000001b3e1d5a210 00000040642fcd58
0x00000040642fcb90:   000001b3e1d5a210 00007ff8212547b1
0x00000040642fcba0:   00000040642fcbd0 000001b3c0d70000
0x00000040642fcbb0:   00000040642fcca0 0000000000000000
0x00000040642fcbc0:   0000000071113500 0000000071113be8
0x00000040642fcbd0:   00000040642fcc00 0000000071112641
0x00000040642fcbe0:   00000040642fcb70 000001b3dfedc198
0x00000040642fcbf0:   0000000000000000 0000000000000000
0x00000040642fcc00:   00000040642fcca0 0000000071101595
0x00000040642fcc10:   000000000000001c 000001b300000000 

Instructions: (pc=0x000000007110b5db)
0x000000007110b4db:   48 85 c0 74 bf 44 8b 03 45 85 c0 0f 84 77 ff ff
0x000000007110b4eb:   ff eb 9f 66 90 e8 8b fe ff ff 48 89 05 0c 34 01
0x000000007110b4fb:   00 eb ad 66 90 e8 7b fe ff ff 48 89 05 fc 33 01
0x000000007110b50b:   00 eb 8b e8 8d fe ff ff c7 03 01 00 00 00 e9 6f
0x000000007110b51b:   ff ff ff 66 90 55 48 89 e5 56 53 48 83 ec 20 48
0x000000007110b52b:   8b 05 d7 33 01 00 48 8b 31 48 89 cb 48 85 c0 74
0x000000007110b53b:   56 44 8b 18 45 85 db 78 42 48 8b 05 bd 33 01 00
0x000000007110b54b:   48 85 c0 74 50 44 8b 10 45 85 d2 74 1d 48 89 f1
0x000000007110b55b:   e8 d0 fd ff ff 48 8b 13 48 8d 42 40 48 8b 48 08
0x000000007110b56b:   48 8b 6a 40 48 8b 60 10 ff e1 48 8b 05 9c 33 01
0x000000007110b57b:   00 48 85 c0 74 2d 48 89 30 eb da e8 b5 fe ff ff
0x000000007110b58b:   0f 1f 44 00 00 eb b2 e8 e9 fd ff ff 48 89 05 6a
0x000000007110b59b:   33 01 00 eb 9c e8 db fd ff ff 48 89 05 5c 33 01
0x000000007110b5ab:   00 eb a2 e8 3d fd ff ff 48 89 05 5e 33 01 00 eb
0x000000007110b5bb:   c5 0f 1f 40 00 55 57 56 53 48 83 ec 28 48 8b 05
0x000000007110b5cb:   39 33 01 00 48 89 cb 48 85 c0 0f 84 c5 00 00 00
0x000000007110b5db:   8b 38 85 ff 0f 88 ab 00 00 00 48 8b 05 1c 33 01
0x000000007110b5eb:   00 48 85 c0 0f 84 bc 00 00 00 8b 30 85 f6 74 57
0x000000007110b5fb:   48 8b 05 0e 33 01 00 48 85 c0 0f 84 e5 00 00 00
0x000000007110b60b:   8b 28 48 8b 35 10 5e 01 00 ff d6 89 c7 89 e9 ff
0x000000007110b61b:   15 f4 5e 01 00 89 f9 48 89 c5 ff 15 b9 5e 01 00
0x000000007110b62b:   48 8b 05 de 32 01 00 48 89 2b 48 85 c0 74 46 48
0x000000007110b63b:   89 da 8b 08 ff 15 d7 5e 01 00 85 c0 74 27 48 83
0x000000007110b64b:   c4 28 5b 5e 5f 5d c3 48 8b 05 bf 32 01 00 48 85
0x000000007110b65b:   c0 74 64 48 8b 10 48 89 13 48 89 18 48 83 c4 28
0x000000007110b66b:   5b 5e 5f 5d c3 48 89 f2 48 83 c4 28 5b 5e 5f 5d
0x000000007110b67b:   48 ff e2 66 90 e8 8b fc ff ff 48 89 05 84 32 01
0x000000007110b68b:   00 eb ac 66 90 e8 ab fd ff ff e9 4b ff ff ff 66
0x000000007110b69b:   0f 1f 44 00 00 e8 db fc ff ff 48 89 05 5c 32 01
0x000000007110b6ab:   00 e9 2a ff ff ff e8 ca fc ff ff 48 89 05 4b 32
0x000000007110b6bb:   01 00 e9 33 ff ff ff e8 29 fc ff ff 48 89 05 4a
0x000000007110b6cb:   32 01 00 48 8b 10 48 85 c0 48 89 13 75 8b e8 12 


Stack slot to memory mapping:
stack at sp + 0 slots: 0x000001b3e1c97300 points into unknown readable memory: 0x005c002e005c005c | 5c 00 5c 00 2e 00 5c 00
stack at sp + 1 slots: 0x000001b3e1d5a0a0 points into unknown readable memory: 0x000001b3e00ab220 | 20 b2 0a e0 b3 01 00 00
stack at sp + 2 slots: 0x000000007110b230 jSSC-2.8_x86_64.dll
stack at sp + 3 slots: 0x000001b3c0d70000 points into unknown readable memory: 0x0000000000000000 | 00 00 00 00 00 00 00 00
stack at sp + 4 slots: 0x000001b3c0e80000 points into unknown readable memory: 0x0000000000000000 | 00 00 00 00 00 00 00 00
stack at sp + 5 slots: 0x0000000000000004 is an unknown value
stack at sp + 6 slots: 0x000001b3dfedc198 points into unknown readable memory: 0x00007fffd966de40 | 40 de 66 d9 ff 7f 00 00
stack at sp + 7 slots: 0x0000000000000bf8 is an unknown value


---------------  P R O C E S S  ---------------

Threads class SMR info:
_java_thread_list=0x000001b3dfac7200, length=41, elements={
0x000001b3dd977140, 0x000001b3dd977c20, 0x000001b3dd9a43d0, 0x000001b3dd9a4eb0,
0x000001b3dd9a6880, 0x000001b3dd9b3920, 0x000001b3dd9b4220, 0x000001b3dd0d9f40,
0x000001b3ddb79990, 0x000001b3de196950, 0x000001b3de1c61f0, 0x000001b3de1eb020,
0x000001b3de5e1720, 0x000001b3de63fa00, 0x000001b3df113d50, 0x000001b3df115090,
0x000001b3df114bc0, 0x000001b3df113880, 0x000001b3dfedb4d0, 0x000001b3dfed8e50,
0x000001b3dfed97f0, 0x000001b3dfed5960, 0x000001b3dfed84b0, 0x000001b3dfedab30,
0x000001b3dfedbe70, 0x000001b3dfed7640, 0x000001b3dfeda190, 0x000001b3dfed5e30,
0x000001b3dfed8980, 0x000001b3dfed6300, 0x000001b3dfedb9a0, 0x000001b3dfed6ca0,
0x000001b3dfed9cc0, 0x000001b3dfed67d0, 0x000001b3dfedb000, 0x000001b3dfed7170,
0x000001b3dfed7b10, 0x000001b3dfed5490, 0x000001b3df114220, 0x000001b3df1146f0,
0x000001b3e1e723c0
}

Java Threads: ( => current thread )
  0x000001b3dd977140 JavaThread "Reference Handler" daemon [_thread_blocked, id=23788, stack(0x0000004061c00000,0x0000004061d00000)]
  0x000001b3dd977c20 JavaThread "Finalizer" daemon [_thread_blocked, id=3264, stack(0x0000004061d00000,0x0000004061e00000)]
  0x000001b3dd9a43d0 JavaThread "Signal Dispatcher" daemon [_thread_blocked, id=11216, stack(0x0000004061e00000,0x0000004061f00000)]
  0x000001b3dd9a4eb0 JavaThread "Attach Listener" daemon [_thread_blocked, id=26672, stack(0x0000004061f00000,0x0000004062000000)]
  0x000001b3dd9a6880 JavaThread "Service Thread" daemon [_thread_blocked, id=24124, stack(0x0000004062000000,0x0000004062100000)]
  0x000001b3dd9b3920 JavaThread "C1 CompilerThread0" daemon [_thread_blocked, id=21948, stack(0x0000004062100000,0x0000004062200000)]
  0x000001b3dd9b4220 JavaThread "Sweeper thread" daemon [_thread_blocked, id=28504, stack(0x0000004062200000,0x0000004062300000)]
  0x000001b3dd0d9f40 JavaThread "Common-Cleaner" daemon [_thread_blocked, id=24568, stack(0x0000004062300000,0x0000004062400000)]
  0x000001b3ddb79990 JavaThread "Notification Thread" daemon [_thread_blocked, id=21664, stack(0x0000004062400000,0x0000004062500000)]
  0x000001b3de196950 JavaThread "RMI TCP Accept-0" daemon [_thread_in_native, id=28360, stack(0x0000004062500000,0x0000004062600000)]
  0x000001b3de1c61f0 JavaThread "RMI TCP Accept-60082" daemon [_thread_in_native, id=19512, stack(0x0000004062600000,0x0000004062700000)]
  0x000001b3de1eb020 JavaThread "RMI TCP Accept-0" daemon [_thread_in_native, id=28056, stack(0x0000004062700000,0x0000004062800000)]
  0x000001b3de5e1720 JavaThread "RMI TCP Connection(1)-127.0.0.1" daemon [_thread_in_native, id=15184, stack(0x0000004062900000,0x0000004062a00000)]
  0x000001b3de63fa00 JavaThread "RMI Scheduler(0)" daemon [_thread_blocked, id=28588, stack(0x0000004062a00000,0x0000004062b00000)]
  0x000001b3df113d50 JavaThread "RMI TCP Connection(2)-127.0.0.1" daemon [_thread_in_native, id=19112, stack(0x0000004063100000,0x0000004063200000)]
  0x000001b3df115090 JavaThread "JMX server connection timeout 24" daemon [_thread_blocked, id=12924, stack(0x0000004063200000,0x0000004063300000)]
  0x000001b3df114bc0 JavaThread "HikariPool-1 housekeeper" daemon [_thread_blocked, id=22012, stack(0x0000004063300000,0x0000004063400000)]
  0x000001b3df113880 JavaThread "Catalina-utility-1" [_thread_blocked, id=11976, stack(0x0000004063a00000,0x0000004063b00000)]
  0x000001b3dfedb4d0 JavaThread "Catalina-utility-2" [_thread_blocked, id=28220, stack(0x0000004063b00000,0x0000004063c00000)]
  0x000001b3dfed8e50 JavaThread "container-0" [_thread_blocked, id=26660, stack(0x0000004063c00000,0x0000004063d00000)]
  0x000001b3dfed97f0 JavaThread "Live Reload Server" daemon [_thread_in_native, id=18764, stack(0x0000004063f00000,0x0000004064000000)]
  0x000001b3dfed5960 JavaThread "File Watcher" daemon [_thread_blocked, id=12448, stack(0x0000004063e00000,0x0000004063f00000)]
  0x000001b3dfed84b0 JavaThread "http-nio-8080-BlockPoller" daemon [_thread_in_native, id=19096, stack(0x0000004064000000,0x0000004064100000)]
  0x000001b3dfedab30 JavaThread "http-nio-8080-exec-1" daemon [_thread_blocked, id=24212, stack(0x0000004064100000,0x0000004064200000)]
=>0x000001b3dfedbe70 JavaThread "http-nio-8080-exec-2" daemon [_thread_in_native, id=25520, stack(0x0000004064200000,0x0000004064300000)]
  0x000001b3dfed7640 JavaThread "http-nio-8080-exec-3" daemon [_thread_blocked, id=10056, stack(0x0000004064300000,0x0000004064400000)]
  0x000001b3dfeda190 JavaThread "http-nio-8080-exec-4" daemon [_thread_blocked, id=4656, stack(0x0000004064400000,0x0000004064500000)]
  0x000001b3dfed5e30 JavaThread "http-nio-8080-exec-5" daemon [_thread_blocked, id=26912, stack(0x0000004064500000,0x0000004064600000)]
  0x000001b3dfed8980 JavaThread "http-nio-8080-exec-6" daemon [_thread_blocked, id=19240, stack(0x0000004064600000,0x0000004064700000)]
  0x000001b3dfed6300 JavaThread "http-nio-8080-exec-7" daemon [_thread_blocked, id=28548, stack(0x0000004064700000,0x0000004064800000)]
  0x000001b3dfedb9a0 JavaThread "http-nio-8080-exec-8" daemon [_thread_blocked, id=14584, stack(0x0000004064800000,0x0000004064900000)]
  0x000001b3dfed6ca0 JavaThread "http-nio-8080-exec-9" daemon [_thread_blocked, id=4012, stack(0x0000004064900000,0x0000004064a00000)]
  0x000001b3dfed9cc0 JavaThread "http-nio-8080-exec-10" daemon [_thread_blocked, id=27840, stack(0x0000004064a00000,0x0000004064b00000)]
  0x000001b3dfed67d0 JavaThread "http-nio-8080-ClientPoller" daemon [_thread_in_native, id=24052, stack(0x0000004064b00000,0x0000004064c00000)]
  0x000001b3dfedb000 JavaThread "http-nio-8080-Acceptor" daemon [_thread_in_native, id=17488, stack(0x0000004064c00000,0x0000004064d00000)]
  0x000001b3dfed7170 JavaThread "DestroyJavaVM" [_thread_blocked, id=4296, stack(0x0000004061500000,0x0000004061600000)]
  0x000001b3dfed7b10 JavaThread "RMI TCP Connection(3)-127.0.0.1" daemon [_thread_in_native, id=26448, stack(0x0000004064d00000,0x0000004064e00000)]
  0x000001b3dfed5490 JavaThread "RMI TCP Connection(4)-127.0.0.1" daemon [_thread_in_native, id=16728, stack(0x0000004064e00000,0x0000004064f00000)]
  0x000001b3df114220 JavaThread "RMI TCP Connection(5)-127.0.0.1" daemon [_thread_in_native, id=10256, stack(0x0000004065000000,0x0000004065100000)]
  0x000001b3df1146f0 JavaThread "RMI TCP Connection(6)-127.0.0.1" daemon [_thread_in_native, id=24724, stack(0x0000004065100000,0x0000004065200000)]
  0x000001b3e1e723c0 JavaThread "RMI TCP Connection(7)-127.0.0.1" daemon [_thread_in_native, id=27164, stack(0x0000004065300000,0x0000004065400000)]

Other Threads:
  0x000001b3dd12ec70 VMThread "VM Thread" [stack: 0x0000004061b00000,0x0000004061c00000] [id=25752]
  0x000001b3c2f11230 WatcherThread [stack: 0x0000004062800000,0x0000004062900000] [id=28308]
  0x000001b3c2f513a0 GCTaskThread "GC Thread#0" [stack: 0x0000004061600000,0x0000004061700000] [id=10336]
  0x000001b3de63ca60 GCTaskThread "GC Thread#1" [stack: 0x0000004062b00000,0x0000004062c00000] [id=27308]
  0x000001b3de63b410 GCTaskThread "GC Thread#2" [stack: 0x0000004062c00000,0x0000004062d00000] [id=28304]
  0x000001b3de63d3f0 GCTaskThread "GC Thread#3" [stack: 0x0000004063400000,0x0000004063500000] [id=4312]
  0x000001b3de63d0c0 GCTaskThread "GC Thread#4" [stack: 0x0000004063500000,0x0000004063600000] [id=28096]
  0x000001b3de63da50 GCTaskThread "GC Thread#5" [stack: 0x0000004063600000,0x0000004063700000] [id=7104]
  0x000001b3de63c0d0 GCTaskThread "GC Thread#6" [stack: 0x0000004063700000,0x0000004063800000] [id=17556]
  0x000001b3de63b740 GCTaskThread "GC Thread#7" [stack: 0x0000004063800000,0x0000004063900000] [id=26928]
  0x000001b3c2f633b0 ConcurrentGCThread "G1 Main Marker" [stack: 0x0000004061700000,0x0000004061800000] [id=25968]
  0x000001b3c2f63bf0 ConcurrentGCThread "G1 Conc#0" [stack: 0x0000004061800000,0x0000004061900000] [id=12836]
  0x000001b3de63e0b0 ConcurrentGCThread "G1 Conc#1" [stack: 0x0000004063900000,0x0000004063a00000] [id=27508]
  0x000001b3c2fde660 ConcurrentGCThread "G1 Refine#0" [stack: 0x0000004061900000,0x0000004061a00000] [id=8944]
  0x000001b3de646a30 ConcurrentGCThread "G1 Refine#1" [stack: 0x0000004062d00000,0x0000004062e00000] [id=1908]
  0x000001b3ddb8ee80 ConcurrentGCThread "G1 Refine#2" [stack: 0x0000004062e00000,0x0000004062f00000] [id=27956]
  0x000001b3dcf680f0 ConcurrentGCThread "G1 Young RemSet Sampling" [stack: 0x0000004061a00000,0x0000004061b00000] [id=26072]

Threads with active compile tasks:

VM state: not at safepoint (normal execution)

VM Mutex/Monitor currently owned by a thread: None

Heap address: 0x0000000083200000, size: 1998 MB, Compressed Oops mode: 32-bit
CDS disabled.
Compressed class space mapped at: 0x0000000100000000-0x0000000140000000, size: 1073741824
Narrow klass base: 0x0000000000000000, Narrow klass shift: 3, Narrow klass range: 0x140000000

GC Precious Log:
 CPUs: 8 total, 8 available
 Memory: 7987M
 Large Page Support: Disabled
 NUMA Support: Disabled
 Compressed Oops: Enabled (32-bit)
 Heap Region Size: 1M
 Heap Min Capacity: 8M
 Heap Initial Capacity: 126M
 Heap Max Capacity: 1998M
 Pre-touch: Disabled
 Parallel Workers: 8
 Concurrent Workers: 2
 Concurrent Refinement Workers: 8
 Periodic GC: Disabled

Heap:
 garbage-first heap   total 55296K, used 24904K [0x0000000083200000, 0x0000000100000000)
  region size 1024K, 4 young (4096K), 3 survivors (3072K)
 Metaspace       used 62597K, capacity 63202K, committed 63488K, reserved 1103872K
  class space    used 8113K, capacity 8321K, committed 8448K, reserved 1048576K

Heap Regions: E=young(eden), S=young(survivor), O=old, HS=humongous(starts), HC=humongous(continues), CS=collection set, F=free, OA=open archive, CA=closed archive, TAMS=top-at-mark-start (previous, next)
|   0|0x0000000083200000, 0x0000000083300000, 0x0000000083300000|100%|HS|  |TAMS 0x0000000083300000, 0x0000000083200000| Complete 
|   1|0x0000000083300000, 0x0000000083400000, 0x0000000083400000|100%| O|  |TAMS 0x0000000083400000, 0x0000000083300000| Untracked 
|   2|0x0000000083400000, 0x0000000083500000, 0x0000000083500000|100%| O|  |TAMS 0x0000000083500000, 0x0000000083400000| Untracked 
|   3|0x0000000083500000, 0x0000000083600000, 0x0000000083600000|100%| O|  |TAMS 0x0000000083600000, 0x0000000083500000| Untracked 
|   4|0x0000000083600000, 0x0000000083700000, 0x0000000083700000|100%| O|  |TAMS 0x0000000083700000, 0x0000000083600000| Untracked 
|   5|0x0000000083700000, 0x0000000083800000, 0x0000000083800000|100%| O|  |TAMS 0x0000000083800000, 0x0000000083700000| Untracked 
|   6|0x0000000083800000, 0x0000000083900000, 0x0000000083900000|100%| O|  |TAMS 0x0000000083900000, 0x0000000083800000| Untracked 
|   7|0x0000000083900000, 0x0000000083a00000, 0x0000000083a00000|100%| O|  |TAMS 0x0000000083a00000, 0x0000000083900000| Untracked 
|   8|0x0000000083a00000, 0x0000000083b00000, 0x0000000083b00000|100%| O|  |TAMS 0x0000000083b00000, 0x0000000083a00000| Untracked 
|   9|0x0000000083b00000, 0x0000000083c00000, 0x0000000083c00000|100%| O|  |TAMS 0x0000000083c00000, 0x0000000083b00000| Untracked 
|  10|0x0000000083c00000, 0x0000000083d00000, 0x0000000083d00000|100%| O|  |TAMS 0x0000000083d00000, 0x0000000083c00000| Untracked 
|  11|0x0000000083d00000, 0x0000000083e00000, 0x0000000083e00000|100%| O|  |TAMS 0x0000000083e00000, 0x0000000083d00000| Untracked 
|  12|0x0000000083e00000, 0x0000000083f00000, 0x0000000083f00000|100%| O|  |TAMS 0x0000000083f00000, 0x0000000083e00000| Untracked 
|  13|0x0000000083f00000, 0x0000000084000000, 0x0000000084000000|100%| O|  |TAMS 0x0000000084000000, 0x0000000083f00000| Untracked 
|  14|0x0000000084000000, 0x0000000084100000, 0x0000000084100000|100%| O|  |TAMS 0x0000000084100000, 0x0000000084000000| Untracked 
|  15|0x0000000084100000, 0x0000000084200000, 0x0000000084200000|100%| O|  |TAMS 0x0000000084200000, 0x0000000084100000| Untracked 
|  16|0x0000000084200000, 0x0000000084300000, 0x0000000084300000|100%| O|  |TAMS 0x00000000842bfc00, 0x0000000084200000| Untracked 
|  17|0x0000000084300000, 0x0000000084400000, 0x0000000084400000|100%| O|  |TAMS 0x0000000084300000, 0x0000000084300000| Untracked 
|  18|0x0000000084400000, 0x0000000084500000, 0x0000000084500000|100%| O|  |TAMS 0x0000000084400000, 0x0000000084400000| Untracked 
|  19|0x0000000084500000, 0x0000000084600000, 0x0000000084600000|100%| O|  |TAMS 0x0000000084500000, 0x0000000084500000| Untracked 
|  20|0x0000000084600000, 0x0000000084700000, 0x0000000084700000|100%| O|  |TAMS 0x0000000084600000, 0x0000000084600000| Untracked 
|  21|0x0000000084700000, 0x0000000084752200, 0x0000000084800000| 32%| O|  |TAMS 0x0000000084700000, 0x0000000084700000| Untracked 
|  22|0x0000000084800000, 0x0000000084800000, 0x0000000084900000|  0%| F|  |TAMS 0x0000000084800000, 0x0000000084800000| Untracked 
|  23|0x0000000084900000, 0x0000000084900000, 0x0000000084a00000|  0%| F|  |TAMS 0x0000000084900000, 0x0000000084900000| Untracked 
|  24|0x0000000084a00000, 0x0000000084a00000, 0x0000000084b00000|  0%| F|  |TAMS 0x0000000084a00000, 0x0000000084a00000| Untracked 
|  25|0x0000000084b00000, 0x0000000084b00000, 0x0000000084c00000|  0%| F|  |TAMS 0x0000000084b00000, 0x0000000084b00000| Untracked 
|  26|0x0000000084c00000, 0x0000000084c00000, 0x0000000084d00000|  0%| F|  |TAMS 0x0000000084c00000, 0x0000000084c00000| Untracked 
|  27|0x0000000084d00000, 0x0000000084d00000, 0x0000000084e00000|  0%| F|  |TAMS 0x0000000084d00000, 0x0000000084d00000| Untracked 
|  28|0x0000000084e00000, 0x0000000084e00000, 0x0000000084f00000|  0%| F|  |TAMS 0x0000000084e00000, 0x0000000084e00000| Untracked 
|  29|0x0000000084f00000, 0x0000000084f00000, 0x0000000085000000|  0%| F|  |TAMS 0x0000000084f00000, 0x0000000084f00000| Untracked 
|  30|0x0000000085000000, 0x0000000085000000, 0x0000000085100000|  0%| F|  |TAMS 0x0000000085000000, 0x0000000085000000| Untracked 
|  31|0x0000000085100000, 0x0000000085200000, 0x0000000085200000|100%| S|CS|TAMS 0x0000000085100000, 0x0000000085100000| Complete 
|  32|0x0000000085200000, 0x0000000085300000, 0x0000000085300000|100%| S|CS|TAMS 0x0000000085200000, 0x0000000085200000| Complete 
|  33|0x0000000085300000, 0x0000000085400000, 0x0000000085400000|100%| S|CS|TAMS 0x0000000085300000, 0x0000000085300000| Complete 
|  34|0x0000000085400000, 0x0000000085400000, 0x0000000085500000|  0%| F|  |TAMS 0x0000000085400000, 0x0000000085400000| Untracked 
|  35|0x0000000085500000, 0x0000000085500000, 0x0000000085600000|  0%| F|  |TAMS 0x0000000085500000, 0x0000000085500000| Untracked 
|  36|0x0000000085600000, 0x0000000085600000, 0x0000000085700000|  0%| F|  |TAMS 0x0000000085600000, 0x0000000085600000| Untracked 
|  37|0x0000000085700000, 0x0000000085700000, 0x0000000085800000|  0%| F|  |TAMS 0x0000000085700000, 0x0000000085700000| Untracked 
|  38|0x0000000085800000, 0x0000000085800000, 0x0000000085900000|  0%| F|  |TAMS 0x0000000085800000, 0x0000000085800000| Untracked 
|  39|0x0000000085900000, 0x0000000085900000, 0x0000000085a00000|  0%| F|  |TAMS 0x0000000085900000, 0x0000000085900000| Untracked 
|  40|0x0000000085a00000, 0x0000000085a00000, 0x0000000085b00000|  0%| F|  |TAMS 0x0000000085a00000, 0x0000000085a00000| Untracked 
|  41|0x0000000085b00000, 0x0000000085b00000, 0x0000000085c00000|  0%| F|  |TAMS 0x0000000085b00000, 0x0000000085b00000| Untracked 
|  42|0x0000000085c00000, 0x0000000085c00000, 0x0000000085d00000|  0%| F|  |TAMS 0x0000000085c00000, 0x0000000085c00000| Untracked 
|  43|0x0000000085d00000, 0x0000000085d00000, 0x0000000085e00000|  0%| F|  |TAMS 0x0000000085d00000, 0x0000000085d00000| Untracked 
|  44|0x0000000085e00000, 0x0000000085e00000, 0x0000000085f00000|  0%| F|  |TAMS 0x0000000085e00000, 0x0000000085e00000| Untracked 
|  45|0x0000000085f00000, 0x0000000085f00000, 0x0000000086000000|  0%| F|  |TAMS 0x0000000085f00000, 0x0000000085f00000| Untracked 
|  46|0x0000000086000000, 0x0000000086000000, 0x0000000086100000|  0%| F|  |TAMS 0x0000000086000000, 0x0000000086000000| Untracked 
|  47|0x0000000086100000, 0x0000000086100000, 0x0000000086200000|  0%| F|  |TAMS 0x0000000086100000, 0x0000000086100000| Untracked 
|  48|0x0000000086200000, 0x0000000086200000, 0x0000000086300000|  0%| F|  |TAMS 0x0000000086200000, 0x0000000086200000| Untracked 
|  49|0x0000000086300000, 0x0000000086300000, 0x0000000086400000|  0%| F|  |TAMS 0x0000000086300000, 0x0000000086300000| Untracked 
|  50|0x0000000086400000, 0x0000000086400000, 0x0000000086500000|  0%| F|  |TAMS 0x0000000086400000, 0x0000000086400000| Untracked 
|  88|0x0000000088a00000, 0x0000000088a00000, 0x0000000088b00000|  0%| F|  |TAMS 0x0000000088a00000, 0x0000000088a00000| Untracked 
|  89|0x0000000088b00000, 0x0000000088b00000, 0x0000000088c00000|  0%| F|  |TAMS 0x0000000088b00000, 0x0000000088b00000| Untracked 
| 125|0x000000008af00000, 0x000000008af750c0, 0x000000008b000000| 45%| E|  |TAMS 0x000000008af00000, 0x000000008af00000| Complete 

Card table byte_map: [0x000001b3d6040000,0x000001b3d6430000] _byte_map_base: 0x000001b3d5c27000

Marking Bits (Prev, Next): (CMBitMap*) 0x000001b3c2f518a0, (CMBitMap*) 0x000001b3c2f51860
 Prev Bits: [0x000001b3d8760000, 0x000001b3da698000)
 Next Bits: [0x000001b3d6820000, 0x000001b3d8758000)

Polling page: 0x000001b3c26e0000

Metaspace:

Usage:
  Non-class:     53.59 MB capacity,    53.21 MB (>99%) used,   314.02 KB ( <1%) free+waste,    82.44 KB ( <1%) overhead. 
      Class:      8.13 MB capacity,     7.92 MB ( 98%) used,   175.58 KB (  2%) free+waste,    32.00 KB ( <1%) overhead. 
       Both:     61.72 MB capacity,    61.13 MB (>99%) used,   489.60 KB ( <1%) free+waste,   114.44 KB ( <1%) overhead. 

Virtual space:
  Non-class space:       54.00 MB reserved,      53.75 MB (>99%) committed 
      Class space:        1.00 GB reserved,       8.25 MB ( <1%) committed 
             Both:        1.05 GB reserved,      62.00 MB (  6%) committed 

Chunk freelists:
   Non-Class:  31.00 KB
       Class:  31.00 KB
        Both:  62.00 KB

MaxMetaspaceSize: 17179869184.00 GB
CompressedClassSpaceSize: 1.00 GB

CodeHeap 'non-profiled nmethods': size=238336Kb used=7263Kb max_used=7263Kb free=231073Kb
 bounds [0x000001b3c7060000, 0x000001b3c7780000, 0x000001b3d5920000]
CodeHeap 'non-nmethods': size=7424Kb used=1305Kb max_used=1305Kb free=6118Kb
 bounds [0x000001b3c6920000, 0x000001b3c6b90000, 0x000001b3c7060000]
 total_blobs=5310 nmethods=4720 adapters=517
 compilation: enabled
              stopped_count=0, restarted_count=0
 full_count=0

Compilation events (20 events):
Event: 13.866 Thread 0x000001b3dd9b3920 4711       1       ch.qos.logback.core.pattern.DynamicConverter::getFirstOption (35 bytes)
Event: 13.866 Thread 0x000001b3dd9b3920 nmethod 4711 0x000001b3c7774590 code [0x000001b3c7774740, 0x000001b3c77748b8]
Event: 13.867 Thread 0x000001b3dd9b3920 4714       1       org.springframework.boot.ansi.AnsiOutput::buildEnabled (127 bytes)
Event: 13.867 Thread 0x000001b3dd9b3920 nmethod 4714 0x000001b3c7774990 code [0x000001b3c7774ba0, 0x000001b3c7774f18]
Event: 13.868 Thread 0x000001b3dd9b3920 4715       1       ch.qos.logback.core.pattern.CompositeConverter::convert (43 bytes)
Event: 13.868 Thread 0x000001b3dd9b3920 nmethod 4715 0x000001b3c7775210 code [0x000001b3c77753e0, 0x000001b3c7775728]
Event: 13.868 Thread 0x000001b3dd9b3920 4712       1       org.springframework.boot.ansi.AnsiOutput::toString (32 bytes)
Event: 13.868 Thread 0x000001b3dd9b3920 nmethod 4712 0x000001b3c7775910 code [0x000001b3c7775b00, 0x000001b3c7775df8]
Event: 13.868 Thread 0x000001b3dd9b3920 4713       1       org.springframework.boot.ansi.AnsiOutput::isEnabled (46 bytes)
Event: 13.868 Thread 0x000001b3dd9b3920 nmethod 4713 0x000001b3c7775f90 code [0x000001b3c7776140, 0x000001b3c77762e8]
Event: 13.868 Thread 0x000001b3dd9b3920 4716       1       org.springframework.boot.logging.logback.ColorConverter::transform (10 bytes)
Event: 13.868 Thread 0x000001b3dd9b3920 nmethod 4716 0x000001b3c7776390 code [0x000001b3c7776520, 0x000001b3c7776648]
Event: 13.868 Thread 0x000001b3dd9b3920 4717       1       org.springframework.boot.logging.logback.ColorConverter::transform (60 bytes)
Event: 13.868 Thread 0x000001b3dd9b3920 nmethod 4717 0x000001b3c7776710 code [0x000001b3c7776920, 0x000001b3c7776e58]
Event: 13.887 Thread 0x000001b3dd9b3920 4718   !   1       com.sun.proxy.$Proxy11::value (29 bytes)
Event: 13.887 Thread 0x000001b3dd9b3920 nmethod 4718 0x000001b3c7777110 code [0x000001b3c77772c0, 0x000001b3c77774d8]
Event: 13.891 Thread 0x000001b3dd9b3920 4719       1       jdk.internal.reflect.ClassFileAssembler::getMaxLocals (6 bytes)
Event: 13.891 Thread 0x000001b3dd9b3920 nmethod 4719 0x000001b3c7777610 code [0x000001b3c77777a0, 0x000001b3c7777858]
Event: 13.893 Thread 0x000001b3dd9b3920 4720       1       org.springframework.core.annotation.AnnotationTypeMapping::access$100 (4 bytes)
Event: 13.893 Thread 0x000001b3dd9b3920 nmethod 4720 0x000001b3c7777910 code [0x000001b3c7777aa0, 0x000001b3c7777b38]

GC Heap History (20 events):
Event: 4.110 GC heap before
{Heap before GC invocations=16 (full 0):
 garbage-first heap   total 37888K, used 30213K [0x0000000083200000, 0x0000000100000000)
  region size 1024K, 16 young (16384K), 1 survivors (1024K)
 Metaspace       used 35312K, capacity 35844K, committed 36096K, reserved 1081344K
  class space    used 4290K, capacity 4489K, committed 4608K, reserved 1048576K
}
Event: 4.111 GC heap after
{Heap after GC invocations=17 (full 0):
 garbage-first heap   total 37888K, used 15880K [0x0000000083200000, 0x0000000100000000)
  region size 1024K, 1 young (1024K), 1 survivors (1024K)
 Metaspace       used 35312K, capacity 35844K, committed 36096K, reserved 1081344K
  class space    used 4290K, capacity 4489K, committed 4608K, reserved 1048576K
}
Event: 4.207 GC heap before
{Heap before GC invocations=18 (full 0):
 garbage-first heap   total 37888K, used 30216K [0x0000000083200000, 0x0000000100000000)
  region size 1024K, 16 young (16384K), 1 survivors (1024K)
 Metaspace       used 35706K, capacity 36295K, committed 36352K, reserved 1081344K
  class space    used 4352K, capacity 4554K, committed 4608K, reserved 1048576K
}
Event: 4.209 GC heap after
{Heap after GC invocations=19 (full 0):
 garbage-first heap   total 37888K, used 16011K [0x0000000083200000, 0x0000000100000000)
  region size 1024K, 1 young (1024K), 1 survivors (1024K)
 Metaspace       used 35706K, capacity 36295K, committed 36352K, reserved 1081344K
  class space    used 4352K, capacity 4554K, committed 4608K, reserved 1048576K
}
Event: 4.481 GC heap before
{Heap before GC invocations=19 (full 0):
 garbage-first heap   total 37888K, used 30347K [0x0000000083200000, 0x0000000100000000)
  region size 1024K, 16 young (16384K), 1 survivors (1024K)
 Metaspace       used 39822K, capacity 40362K, committed 40576K, reserved 1085440K
  class space    used 4780K, capacity 4971K, committed 4992K, reserved 1048576K
}
Event: 4.483 GC heap after
{Heap after GC invocations=20 (full 0):
 garbage-first heap   total 37888K, used 17220K [0x0000000083200000, 0x0000000100000000)
  region size 1024K, 2 young (2048K), 2 survivors (2048K)
 Metaspace       used 39822K, capacity 40362K, committed 40576K, reserved 1085440K
  class space    used 4780K, capacity 4971K, committed 4992K, reserved 1048576K
}
Event: 4.900 GC heap before
{Heap before GC invocations=20 (full 0):
 garbage-first heap   total 37888K, used 30532K [0x0000000083200000, 0x0000000100000000)
  region size 1024K, 16 young (16384K), 2 survivors (2048K)
 Metaspace       used 43185K, capacity 43647K, committed 43904K, reserved 1087488K
  class space    used 5248K, capacity 5423K, committed 5504K, reserved 1048576K
}
Event: 4.902 GC heap after
{Heap after GC invocations=21 (full 0):
 garbage-first heap   total 37888K, used 17999K [0x0000000083200000, 0x0000000100000000)
  region size 1024K, 1 young (1024K), 1 survivors (1024K)
 Metaspace       used 43185K, capacity 43647K, committed 43904K, reserved 1087488K
  class space    used 5248K, capacity 5423K, committed 5504K, reserved 1048576K
}
Event: 5.453 GC heap before
{Heap before GC invocations=21 (full 0):
 garbage-first heap   total 37888K, used 31311K [0x0000000083200000, 0x0000000100000000)
  region size 1024K, 14 young (14336K), 1 survivors (1024K)
 Metaspace       used 46720K, capacity 47240K, committed 47360K, reserved 1091584K
  class space    used 5897K, capacity 6065K, committed 6144K, reserved 1048576K
}
Event: 5.455 GC heap after
{Heap after GC invocations=22 (full 0):
 garbage-first heap   total 46080K, used 18597K [0x0000000083200000, 0x0000000100000000)
  region size 1024K, 2 young (2048K), 2 survivors (2048K)
 Metaspace       used 46720K, capacity 47240K, committed 47360K, reserved 1091584K
  class space    used 5897K, capacity 6065K, committed 6144K, reserved 1048576K
}
Event: 5.855 GC heap before
{Heap before GC invocations=23 (full 0):
 garbage-first heap   total 46080K, used 37029K [0x0000000083200000, 0x0000000100000000)
  region size 1024K, 20 young (20480K), 2 survivors (2048K)
 Metaspace       used 51806K, capacity 52401K, committed 52608K, reserved 1095680K
  class space    used 6555K, capacity 6739K, committed 6784K, reserved 1048576K
}
Event: 5.857 GC heap after
{Heap after GC invocations=24 (full 0):
 garbage-first heap   total 46080K, used 19558K [0x0000000083200000, 0x0000000100000000)
  region size 1024K, 3 young (3072K), 3 survivors (3072K)
 Metaspace       used 51806K, capacity 52401K, committed 52608K, reserved 1095680K
  class space    used 6555K, capacity 6739K, committed 6784K, reserved 1048576K
}
Event: 6.218 GC heap before
{Heap before GC invocations=24 (full 0):
 garbage-first heap   total 46080K, used 36966K [0x0000000083200000, 0x0000000100000000)
  region size 1024K, 20 young (20480K), 3 survivors (3072K)
 Metaspace       used 55523K, capacity 56050K, committed 56320K, reserved 1097728K
  class space    used 7172K, capacity 7356K, committed 7424K, reserved 1048576K
}
Event: 6.222 GC heap after
{Heap after GC invocations=25 (full 0):
 garbage-first heap   total 46080K, used 20367K [0x0000000083200000, 0x0000000100000000)
  region size 1024K, 2 young (2048K), 2 survivors (2048K)
 Metaspace       used 55523K, capacity 56050K, committed 56320K, reserved 1097728K
  class space    used 7172K, capacity 7356K, committed 7424K, reserved 1048576K
}
Event: 6.507 GC heap before
{Heap before GC invocations=25 (full 0):
 garbage-first heap   total 46080K, used 36751K [0x0000000083200000, 0x0000000100000000)
  region size 1024K, 18 young (18432K), 2 survivors (2048K)
 Metaspace       used 58075K, capacity 58619K, committed 58624K, reserved 1099776K
  class space    used 7506K, capacity 7678K, committed 7680K, reserved 1048576K
}
Event: 6.510 GC heap after
{Heap after GC invocations=26 (full 0):
 garbage-first heap   total 46080K, used 21876K [0x0000000083200000, 0x0000000100000000)
  region size 1024K, 3 young (3072K), 3 survivors (3072K)
 Metaspace       used 58075K, capacity 58619K, committed 58624K, reserved 1099776K
  class space    used 7506K, capacity 7678K, committed 7680K, reserved 1048576K
}
Event: 6.766 GC heap before
{Heap before GC invocations=26 (full 0):
 garbage-first heap   total 46080K, used 37236K [0x0000000083200000, 0x0000000100000000)
  region size 1024K, 18 young (18432K), 3 survivors (3072K)
 Metaspace       used 59794K, capacity 60363K, committed 60416K, reserved 1101824K
  class space    used 7745K, capacity 7915K, committed 7936K, reserved 1048576K
}
Event: 6.769 GC heap after
{Heap after GC invocations=27 (full 0):
 garbage-first heap   total 55296K, used 23352K [0x0000000083200000, 0x0000000100000000)
  region size 1024K, 3 young (3072K), 3 survivors (3072K)
 Metaspace       used 59794K, capacity 60363K, committed 60416K, reserved 1101824K
  class space    used 7745K, capacity 7915K, committed 7936K, reserved 1048576K
}
Event: 13.887 GC heap before
{Heap before GC invocations=27 (full 0):
 garbage-first heap   total 55296K, used 43832K [0x0000000083200000, 0x0000000100000000)
  region size 1024K, 23 young (23552K), 3 survivors (3072K)
 Metaspace       used 62479K, capacity 63100K, committed 63360K, reserved 1103872K
  class space    used 8095K, capacity 8287K, committed 8320K, reserved 1048576K
}
Event: 13.891 GC heap after
{Heap after GC invocations=28 (full 0):
 garbage-first heap   total 55296K, used 24904K [0x0000000083200000, 0x0000000100000000)
  region size 1024K, 3 young (3072K), 3 survivors (3072K)
 Metaspace       used 62479K, capacity 63100K, committed 63360K, reserved 1103872K
  class space    used 8095K, capacity 8287K, committed 8320K, reserved 1048576K
}

Deoptimization events (8 events):
Event: 3.370 Thread 0x000001b3df114220 DEOPT PACKING pc=0x000001b3c734f3bc sp=0x00000040630fce60
Event: 3.370 Thread 0x000001b3df114220 DEOPT UNPACKING pc=0x000001b3c696f6cf sp=0x00000040630fc3b8 mode 0
Event: 4.279 Thread 0x000001b3df114220 DEOPT PACKING pc=0x000001b3c719a24c sp=0x00000040630f6f00
Event: 4.279 Thread 0x000001b3df114220 DEOPT UNPACKING pc=0x000001b3c696f6cf sp=0x00000040630f6428 mode 0
Event: 6.742 Thread 0x000001b3df114220 DEOPT PACKING pc=0x000001b3c733a942 sp=0x00000040630fd430
Event: 6.742 Thread 0x000001b3df114220 DEOPT UNPACKING pc=0x000001b3c696f6cf sp=0x00000040630fc938 mode 3
Event: 6.742 Thread 0x000001b3df114220 DEOPT PACKING pc=0x000001b3c731aca5 sp=0x00000040630fd3f0
Event: 6.742 Thread 0x000001b3df114220 DEOPT UNPACKING pc=0x000001b3c696f6cf sp=0x00000040630fc938 mode 3

Classes unloaded (0 events):
No events

Classes redefined (0 events):
No events

Internal exceptions (20 events):
Event: 6.532 Thread 0x000001b3df114220 Exception <a 'java/lang/ClassNotFoundException'{0x0000000088b668c0}: org/springframework/web/servlet/config/annotation/DelegatingWebMvcConfigurationCustomizer> (0x0000000088b668c0) 
thrown [./open/src/hotspot/share/classfile/systemDictionary.cpp, line 295]
Event: 6.532 Thread 0x000001b3df114220 Exception <a 'java/lang/ClassNotFoundException'{0x0000000088b70d48}: org/springframework/boot/autoconfigure/web/servlet/WebMvcAutoConfiguration$EnableWebMvcConfigurationCustomizer> (0x0000000088b70d48) 
thrown [./open/src/hotspot/share/classfile/systemDictionary.cpp, line 295]
Event: 6.534 Thread 0x000001b3df114220 Exception <a 'java/lang/ClassNotFoundException'{0x0000000088b854b0}: org/springframework/context/ResourceLoaderAwareCustomizer> (0x0000000088b854b0) 
thrown [./open/src/hotspot/share/classfile/systemDictionary.cpp, line 295]
Event: 6.534 Thread 0x000001b3df114220 Exception <a 'java/lang/ClassNotFoundException'{0x0000000088b8b2e0}: org/springframework/beans/factory/AwareCustomizer> (0x0000000088b8b2e0) 
thrown [./open/src/hotspot/share/classfile/systemDictionary.cpp, line 295]
Event: 6.534 Thread 0x000001b3df114220 Exception <a 'java/lang/ClassNotFoundException'{0x0000000088b905a8}: org/springframework/context/ApplicationContextAwareCustomizer> (0x0000000088b905a8) 
thrown [./open/src/hotspot/share/classfile/systemDictionary.cpp, line 295]
Event: 6.535 Thread 0x000001b3df114220 Exception <a 'java/lang/ClassNotFoundException'{0x0000000088b96fa8}: org/springframework/beans/factory/AwareCustomizer> (0x0000000088b96fa8) 
thrown [./open/src/hotspot/share/classfile/systemDictionary.cpp, line 295]
Event: 6.535 Thread 0x000001b3df114220 Exception <a 'java/lang/ClassNotFoundException'{0x0000000088b9c4c8}: org/springframework/web/context/ServletContextAwareCustomizer> (0x0000000088b9c4c8) 
thrown [./open/src/hotspot/share/classfile/systemDictionary.cpp, line 295]
Event: 6.535 Thread 0x000001b3df114220 Exception <a 'java/lang/ClassNotFoundException'{0x0000000088ba2750}: org/springframework/beans/factory/AwareCustomizer> (0x0000000088ba2750) 
thrown [./open/src/hotspot/share/classfile/systemDictionary.cpp, line 295]
Event: 6.635 Thread 0x000001b3df114220 Exception <a 'java/lang/NoSuchMethodError'{0x00000000856d32e0}: 'void java.lang.invoke.DirectMethodHandle$Holder.invokeVirtual(java.lang.Object, java.lang.Object, int)'> (0x00000000856d32e0) 
thrown [./open/src/hotspot/share/interpreter/linkResolver.cpp, line 782]
Event: 6.636 Thread 0x000001b3df114220 Exception <a 'java/lang/NoSuchMethodError'{0x00000000856f01d0}: 'void java.lang.invoke.DirectMethodHandle$Holder.invokeVirtual(java.lang.Object, java.lang.Object, long)'> (0x00000000856f01d0) 
thrown [./open/src/hotspot/share/interpreter/linkResolver.cpp, line 782]
Event: 6.776 Thread 0x000001b3df114220 Exception <a 'java/lang/IncompatibleClassChangeError'{0x000000008af2a138}: Found class java.lang.Object, but interface was expected> (0x000000008af2a138) 
thrown [./open/src/hotspot/share/interpreter/linkResolver.cpp, line 848]
Event: 6.804 Thread 0x000001b3df114220 Exception <a 'java/lang/NoSuchMethodError'{0x0000000088bafd98}: 'int java.lang.invoke.DirectMethodHandle$Holder.invokeStaticInit(java.lang.Object, java.lang.Object, java.lang.Object, java.lang.Object)'> (0x0000000088bafd98) 
thrown [./open/src/hotspot/share/interpreter/linkResolver.cpp, line 782]
Event: 6.841 Thread 0x000001b3df114220 Exception <a 'java/lang/IncompatibleClassChangeError'{0x000000008623fc90}: Found class java.lang.Object, but interface was expected> (0x000000008623fc90) 
thrown [./open/src/hotspot/share/interpreter/linkResolver.cpp, line 848]
Event: 6.850 Thread 0x000001b3df114220 Exception <a 'java/lang/IncompatibleClassChangeError'{0x00000000862c85e8}: Found class java.lang.Object, but interface was expected> (0x00000000862c85e8) 
thrown [./open/src/hotspot/share/interpreter/linkResolver.cpp, line 848]
Event: 6.891 Thread 0x000001b3df114220 Exception <a 'java/lang/ClassNotFoundException'{0x0000000085f3c188}: java/lang/ObjectCustomizer> (0x0000000085f3c188) 
thrown [./open/src/hotspot/share/classfile/systemDictionary.cpp, line 295]
Event: 6.892 Thread 0x000001b3df114220 Exception <a 'java/lang/ClassNotFoundException'{0x0000000085f45740}: com/co/proyecto/agroiot/modelo/UsuarioCustomizer> (0x0000000085f45740) 
thrown [./open/src/hotspot/share/classfile/systemDictionary.cpp, line 295]
Event: 6.942 Thread 0x000001b3df114220 Exception <a 'java/lang/NoSuchMethodError'{0x0000000085df9bc0}: 'java.lang.Object java.lang.invoke.DirectMethodHandle$Holder.invokeSpecial(java.lang.Object, java.lang.Object, int, java.lang.Object, int, java.lang.Object)'> (0x0000000085df9bc0) 
thrown [./open/src/hotspot/share/interpreter/linkResolver.cpp, line 782]
Event: 6.942 Thread 0x000001b3df114220 Exception <a 'java/lang/NoSuchMethodError'{0x0000000085c02b18}: 'java.lang.Object java.lang.invoke.DirectMethodHandle$Holder.newInvokeSpecial(java.lang.Object, java.lang.Object, int, java.lang.Object, int)'> (0x0000000085c02b18) 
thrown [./open/src/hotspot/share/interpreter/linkResolver.cpp, line 782]
Event: 6.943 Thread 0x000001b3df114220 Exception <a 'java/lang/NoSuchMethodError'{0x0000000085c06d28}: 'java.lang.Object java.lang.invoke.DirectMethodHandle$Holder.invokeSpecial(java.lang.Object, java.lang.Object, java.lang.Object, int, java.lang.Object, int)'> (0x0000000085c06d28) 
thrown [./open/src/hotspot/share/interpreter/linkResolver.cpp, line 782]
Event: 6.944 Thread 0x000001b3df114220 Exception <a 'java/lang/NoSuchMethodError'{0x0000000085c112e8}: 'void java.lang.invoke.DirectMethodHandle$Holder.invokeVirtual(java.lang.Object, java.lang.Object)'> (0x0000000085c112e8) 
thrown [./open/src/hotspot/share/interpreter/linkResolver.cpp, line 782]

Events (20 events):
Event: 13.798 loading class java/nio/channels/WritePendingException done
Event: 13.798 loading class java/nio/channels/ClosedChannelException
Event: 13.798 loading class java/nio/channels/ClosedChannelException done
Event: 13.803 loading class java/util/concurrent/Semaphore
Event: 13.803 loading class java/util/concurrent/Semaphore done
Event: 13.803 loading class java/util/concurrent/Semaphore$NonfairSync
Event: 13.803 loading class java/util/concurrent/Semaphore$Sync
Event: 13.803 loading class java/util/concurrent/Semaphore$Sync done
Event: 13.803 loading class java/util/concurrent/Semaphore$NonfairSync done
Event: 13.805 loading class java/lang/invoke/ConstantBootstraps
Event: 13.805 loading class java/lang/invoke/ConstantBootstraps done
Event: 13.805 loading class sun/nio/ch/WindowsSelectorImpl$MapEntry
Event: 13.806 loading class sun/nio/ch/WindowsSelectorImpl$MapEntry done
Event: 13.841 Executing VM operation: HandshakeAllThreads
Event: 13.841 Executing VM operation: HandshakeAllThreads done
Event: 13.887 Executing VM operation: G1CollectForAllocation
Event: 13.891 Executing VM operation: G1CollectForAllocation done
Event: 13.891 Executing VM operation: HandshakeAllThreads
Event: 13.891 Executing VM operation: HandshakeAllThreads done
Event: 13.905 Loaded shared library C:\Users\dat64\.jssc\windows\jSSC-2.8_x86_64.dll


Dynamic libraries:
0x00007ff681060000 - 0x00007ff68106d000 	C:\Users\dat64\OneDrive\Escritorio\spring\sts-4.10.0.RELEASE\plugins\org.eclipse.justj.openjdk.hotspot.jre.full.win32.x86_64_15.0.2.v20210201-0955\jre\bin\javaw.exe
0x00007ff821230000 - 0x00007ff821425000 	C:\WINDOWS\SYSTEM32\ntdll.dll
0x00007ff820070000 - 0x00007ff82012d000 	C:\WINDOWS\System32\KERNEL32.DLL
0x00007ff81eb20000 - 0x00007ff81ede8000 	C:\WINDOWS\System32\KERNELBASE.dll
0x00007ff81e9a0000 - 0x00007ff81eaa0000 	C:\WINDOWS\System32\ucrtbase.dll
0x00007ff801210000 - 0x00007ff801228000 	C:\Users\dat64\OneDrive\Escritorio\spring\sts-4.10.0.RELEASE\plugins\org.eclipse.justj.openjdk.hotspot.jre.full.win32.x86_64_15.0.2.v20210201-0955\jre\bin\jli.dll
0x00007ffffe7b0000 - 0x00007ffffe7c9000 	C:\Users\dat64\OneDrive\Escritorio\spring\sts-4.10.0.RELEASE\plugins\org.eclipse.justj.openjdk.hotspot.jre.full.win32.x86_64_15.0.2.v20210201-0955\jre\bin\VCRUNTIME140.dll
0x00007ff820310000 - 0x00007ff8204b0000 	C:\WINDOWS\System32\USER32.dll
0x00007ff80a5c0000 - 0x00007ff80a85a000 	C:\WINDOWS\WinSxS\amd64_microsoft.windows.common-controls_6595b64144ccf1df_6.0.19041.844_none_ca00b6081b84eb1d\COMCTL32.dll
0x00007ff81e970000 - 0x00007ff81e992000 	C:\WINDOWS\System32\win32u.dll
0x00007ff81fd80000 - 0x00007ff81fe1e000 	C:\WINDOWS\System32\msvcrt.dll
0x00007ff81fc10000 - 0x00007ff81fc3a000 	C:\WINDOWS\System32\GDI32.dll
0x00007ff81eff0000 - 0x00007ff81f0fb000 	C:\WINDOWS\System32\gdi32full.dll
0x00007ff81eea0000 - 0x00007ff81ef3d000 	C:\WINDOWS\System32\msvcp_win.dll
0x00007ff8210e0000 - 0x00007ff821110000 	C:\WINDOWS\System32\IMM32.DLL
0x00007ff80ad30000 - 0x00007ff80ad3c000 	C:\Users\dat64\OneDrive\Escritorio\spring\sts-4.10.0.RELEASE\plugins\org.eclipse.justj.openjdk.hotspot.jre.full.win32.x86_64_15.0.2.v20210201-0955\jre\bin\vcruntime140_1.dll
0x00007fffe52b0000 - 0x00007fffe5341000 	C:\Users\dat64\OneDrive\Escritorio\spring\sts-4.10.0.RELEASE\plugins\org.eclipse.justj.openjdk.hotspot.jre.full.win32.x86_64_15.0.2.v20210201-0955\jre\bin\msvcp140.dll
0x00007fffd8c70000 - 0x00007fffd97ce000 	C:\Users\dat64\OneDrive\Escritorio\spring\sts-4.10.0.RELEASE\plugins\org.eclipse.justj.openjdk.hotspot.jre.full.win32.x86_64_15.0.2.v20210201-0955\jre\bin\server\jvm.dll
0x00007ff81fc40000 - 0x00007ff81fcec000 	C:\WINDOWS\System32\ADVAPI32.dll
0x00007ff81f700000 - 0x00007ff81f79b000 	C:\WINDOWS\System32\sechost.dll
0x00007ff820130000 - 0x00007ff82025b000 	C:\WINDOWS\System32\RPCRT4.dll
0x00007ff8204b0000 - 0x00007ff8204b8000 	C:\WINDOWS\System32\PSAPI.DLL
0x00007ff80a1f0000 - 0x00007ff80a1f9000 	C:\WINDOWS\SYSTEM32\WSOCK32.dll
0x00007ff818670000 - 0x00007ff81867a000 	C:\WINDOWS\SYSTEM32\VERSION.dll
0x00007ff8106a0000 - 0x00007ff8106c7000 	C:\WINDOWS\SYSTEM32\WINMM.dll
0x00007ff81ff20000 - 0x00007ff81ff8b000 	C:\WINDOWS\System32\WS2_32.dll
0x00007ff81ca30000 - 0x00007ff81ca42000 	C:\WINDOWS\SYSTEM32\kernel.appcore.dll
0x00007ff80aa90000 - 0x00007ff80aa9a000 	C:\Users\dat64\OneDrive\Escritorio\spring\sts-4.10.0.RELEASE\plugins\org.eclipse.justj.openjdk.hotspot.jre.full.win32.x86_64_15.0.2.v20210201-0955\jre\bin\jimage.dll
0x00007ff81c280000 - 0x00007ff81c464000 	C:\WINDOWS\SYSTEM32\DBGHELP.DLL
0x00007ff809080000 - 0x00007ff8090ac000 	C:\WINDOWS\SYSTEM32\dbgcore.DLL
0x00007ff81eaa0000 - 0x00007ff81eb20000 	C:\WINDOWS\System32\bcryptPrimitives.dll
0x00007fffef2d0000 - 0x00007fffef2f5000 	C:\Users\dat64\OneDrive\Escritorio\spring\sts-4.10.0.RELEASE\plugins\org.eclipse.justj.openjdk.hotspot.jre.full.win32.x86_64_15.0.2.v20210201-0955\jre\bin\java.dll
0x00007ff800eb0000 - 0x00007ff800ec8000 	C:\Users\dat64\OneDrive\Escritorio\spring\sts-4.10.0.RELEASE\plugins\org.eclipse.justj.openjdk.hotspot.jre.full.win32.x86_64_15.0.2.v20210201-0955\jre\bin\zip.dll
0x00007ff8204c0000 - 0x00007ff820c02000 	C:\WINDOWS\System32\SHELL32.dll
0x00007ff81ca50000 - 0x00007ff81d1e1000 	C:\WINDOWS\SYSTEM32\windows.storage.dll
0x00007ff81f3a0000 - 0x00007ff81f6f5000 	C:\WINDOWS\System32\combase.dll
0x00007ff81e310000 - 0x00007ff81e33c000 	C:\WINDOWS\SYSTEM32\Wldp.dll
0x00007ff81f290000 - 0x00007ff81f33e000 	C:\WINDOWS\System32\SHCORE.dll
0x00007ff81f340000 - 0x00007ff81f395000 	C:\WINDOWS\System32\shlwapi.dll
0x00007ff81e8b0000 - 0x00007ff81e8cf000 	C:\WINDOWS\SYSTEM32\profapi.dll
0x00007ff8007f0000 - 0x00007ff800809000 	C:\Users\dat64\OneDrive\Escritorio\spring\sts-4.10.0.RELEASE\plugins\org.eclipse.justj.openjdk.hotspot.jre.full.win32.x86_64_15.0.2.v20210201-0955\jre\bin\net.dll
0x00007ff814050000 - 0x00007ff81415b000 	C:\WINDOWS\SYSTEM32\WINHTTP.dll
0x00007ff81e030000 - 0x00007ff81e09a000 	C:\WINDOWS\system32\mswsock.dll
0x00007fffef260000 - 0x00007fffef272000 	C:\Users\dat64\OneDrive\Escritorio\spring\sts-4.10.0.RELEASE\plugins\org.eclipse.justj.openjdk.hotspot.jre.full.win32.x86_64_15.0.2.v20210201-0955\jre\bin\nio.dll
0x00007ff80abe0000 - 0x00007ff80abe9000 	C:\Users\dat64\OneDrive\Escritorio\spring\sts-4.10.0.RELEASE\plugins\org.eclipse.justj.openjdk.hotspot.jre.full.win32.x86_64_15.0.2.v20210201-0955\jre\bin\management.dll
0x00007ff804820000 - 0x00007ff80482b000 	C:\Users\dat64\OneDrive\Escritorio\spring\sts-4.10.0.RELEASE\plugins\org.eclipse.justj.openjdk.hotspot.jre.full.win32.x86_64_15.0.2.v20210201-0955\jre\bin\management_ext.dll
0x00007ff80a1d0000 - 0x00007ff80a1e7000 	C:\WINDOWS\system32\napinsp.dll
0x00007ff80a1b0000 - 0x00007ff80a1cb000 	C:\WINDOWS\system32\pnrpnsp.dll
0x00007ff819880000 - 0x00007ff819895000 	C:\WINDOWS\system32\wshbth.dll
0x00007ff81a2b0000 - 0x00007ff81a2cd000 	C:\WINDOWS\system32\NLAapi.dll
0x00007ff81dd30000 - 0x00007ff81dd6b000 	C:\WINDOWS\SYSTEM32\IPHLPAPI.DLL
0x00007ff81dd70000 - 0x00007ff81de3c000 	C:\WINDOWS\SYSTEM32\DNSAPI.dll
0x00007ff81ff10000 - 0x00007ff81ff18000 	C:\WINDOWS\System32\NSI.dll
0x00007ff809880000 - 0x00007ff809892000 	C:\WINDOWS\System32\winrnr.dll
0x00007ff816b60000 - 0x00007ff816b6a000 	C:\Windows\System32\rasadhlp.dll
0x00007ff813e60000 - 0x00007ff813edf000 	C:\WINDOWS\System32\fwpuclnt.dll
0x00007ff81f260000 - 0x00007ff81f287000 	C:\WINDOWS\System32\bcrypt.dll
0x00007ff81e1d0000 - 0x00007ff81e1e8000 	C:\WINDOWS\SYSTEM32\CRYPTSP.dll
0x00007ff81d9e0000 - 0x00007ff81da14000 	C:\WINDOWS\system32\rsaenh.dll
0x00007ff81e830000 - 0x00007ff81e85e000 	C:\WINDOWS\SYSTEM32\USERENV.dll
0x00007ff81e1f0000 - 0x00007ff81e1fc000 	C:\WINDOWS\SYSTEM32\CRYPTBASE.dll
0x00007ff816e60000 - 0x00007ff816e77000 	C:\WINDOWS\SYSTEM32\dhcpcsvc6.DLL
0x00007ff816e40000 - 0x00007ff816e5d000 	C:\WINDOWS\SYSTEM32\dhcpcsvc.DLL
0x00007ff804a60000 - 0x00007ff804a70000 	C:\Users\dat64\OneDrive\Escritorio\spring\sts-4.10.0.RELEASE\plugins\org.eclipse.justj.openjdk.hotspot.jre.full.win32.x86_64_15.0.2.v20210201-0955\jre\bin\verify.dll
0x0000000071100000 - 0x0000000071125000 	C:\Users\dat64\.jssc\windows\jSSC-2.8_x86_64.dll

dbghelp: loaded successfully - version: 4.0.5 - missing functions: none
symbol engine: initialized successfully - sym options: 0x614 - pdb path: .;C:\Users\dat64\OneDrive\Escritorio\spring\sts-4.10.0.RELEASE\plugins\org.eclipse.justj.openjdk.hotspot.jre.full.win32.x86_64_15.0.2.v20210201-0955\jre\bin;C:\WINDOWS\SYSTEM32;C:\WINDOWS\WinSxS\amd64_microsoft.windows.common-controls_6595b64144ccf1df_6.0.19041.844_none_ca00b6081b84eb1d;C:\Users\dat64\OneDrive\Escritorio\spring\sts-4.10.0.RELEASE\plugins\org.eclipse.justj.openjdk.hotspot.jre.full.win32.x86_64_15.0.2.v20210201-0955\jre\bin\server;C:\Users\dat64\.jssc\windows

VM Arguments:
jvm_args: -Dcom.sun.management.jmxremote -Dcom.sun.management.jmxremote.port=60082 -Dcom.sun.management.jmxremote.authenticate=false -Dcom.sun.management.jmxremote.ssl=false -Djava.rmi.server.hostname=localhost -Dspring.jmx.enabled=true -Dspring.application.admin.enabled=true -XX:TieredStopAtLevel=1 -Dspring.boot.project.name=AgroIOT -Dfile.encoding=UTF-8 -XX:+ShowCodeDetailsInExceptionMessages 
java_command: com.co.proyecto.agroiot.AgroiotApplication --spring.output.ansi.enabled=always
java_class_path (initial): C:\Users\dat64\OneDrive\Escritorio\proyecto AgroIOT\proyecto-AgroIOT\agroiot\agroiot\target\classes;C:\Users\dat64\.m2\repository\org\springframework\boot\spring-boot-starter-data-jdbc\2.4.4\spring-boot-starter-data-jdbc-2.4.4.jar;C:\Users\dat64\.m2\repository\org\springframework\boot\spring-boot-starter-jdbc\2.4.4\spring-boot-starter-jdbc-2.4.4.jar;C:\Users\dat64\.m2\repository\com\zaxxer\HikariCP\3.4.5\HikariCP-3.4.5.jar;C:\Users\dat64\.m2\repository\org\springframework\spring-jdbc\5.3.5\spring-jdbc-5.3.5.jar;C:\Users\dat64\.m2\repository\org\springframework\data\spring-data-jdbc\2.1.6\spring-data-jdbc-2.1.6.jar;C:\Users\dat64\.m2\repository\org\springframework\data\spring-data-relational\2.1.6\spring-data-relational-2.1.6.jar;C:\Users\dat64\.m2\repository\org\springframework\data\spring-data-commons\2.4.6\spring-data-commons-2.4.6.jar;C:\Users\dat64\.m2\repository\org\springframework\spring-tx\5.3.5\spring-tx-5.3.5.jar;C:\Users\dat64\.m2\repository\org\springframework\spring-context\5.3.5\spring-context-5.3.5.jar;C:\Users\dat64\.m2\repository\org\springframework\spring-beans\5.3.5\spring-beans-5.3.5.jar;C:\Users\dat64\.m2\repository\org\slf4j\slf4j-api\1.7.30\slf4j-api-1.7.30.jar;C:\Users\dat64\.m2\repository\org\springframework\boot\spring-boot-starter-data-jpa\2.4.4\spring-boot-starter-data-jpa-2.4.4.jar;C:\Users\dat64\.m2\repository\org\springframework\boot\spring-boot-starter-aop\2.4.4\spring-boot-starter-aop-2.4.4.jar;C:\Users\dat64\.m2\repository\org\springframework\spring-aop\5.3.5\spring-aop-5.3.5.jar;C:\Users\dat64\.m2\repository\org\aspectj\aspectjweaver\1.9.6\aspectjweaver-1.9.6.jar;C:\Users\dat64\.m2\repository\jakarta\transaction\jakarta.transaction-api\1.3.3\jakarta.transaction-api-1.3.3.jar;C:\Users\dat64\.m2\repository\jakarta\persistence\jakarta.persistence-api\2.2.3\jakarta.persistence-api-2.2.3.jar;C:\Users\dat64\.m2\repository\org\hibernate\hibernate-core\5.4.29.Final\hibernate-core-5.4.29.Final.jar;C:\Users\dat64\
Launcher Type: SUN_STANDARD

[Global flags]
     intx CICompilerCount                          = 4                                         {product} {ergonomic}
     uint ConcGCThreads                            = 2                                         {product} {ergonomic}
     uint G1ConcRefinementThreads                  = 8                                         {product} {ergonomic}
   size_t G1HeapRegionSize                         = 1048576                                   {product} {ergonomic}
    uintx GCDrainStackTargetSize                   = 64                                        {product} {ergonomic}
   size_t InitialHeapSize                          = 132120576                                 {product} {ergonomic}
     bool ManagementServer                         = true                                      {product} {command line}
   size_t MarkStackSize                            = 4194304                                   {product} {ergonomic}
   size_t MaxHeapSize                              = 2095054848                                {product} {ergonomic}
   size_t MaxNewSize                               = 1256194048                                {product} {ergonomic}
   size_t MinHeapDeltaBytes                        = 1048576                                   {product} {ergonomic}
   size_t MinHeapSize                              = 8388608                                   {product} {ergonomic}
    uintx NonNMethodCodeHeapSize                   = 7549744                                {pd product} {ergonomic}
    uintx NonProfiledCodeHeapSize                  = 244108496                              {pd product} {ergonomic}
    uintx ProfiledCodeHeapSize                     = 0                                      {pd product} {ergonomic}
    uintx ReservedCodeCacheSize                    = 251658240                              {pd product} {ergonomic}
     bool SegmentedCodeCache                       = true                                      {product} {ergonomic}
     bool ShowCodeDetailsInExceptionMessages       = true                                   {manageable} {command line}
   size_t SoftMaxHeapSize                          = 2095054848                             {manageable} {ergonomic}
     intx TieredStopAtLevel                        = 1                                         {product} {command line}
     bool UseCompressedClassPointers               = true                                 {lp64_product} {ergonomic}
     bool UseCompressedOops                        = true                                 {lp64_product} {ergonomic}
     bool UseG1GC                                  = true                                      {product} {ergonomic}
     bool UseLargePagesIndividualAllocation        = false                                  {pd product} {ergonomic}

Logging:
Log output configuration:
 #0: stdout all=warning uptime,level,tags
 #1: stderr all=off uptime,level,tags

Environment Variables:
JAVA_HOME=C:\Program Files\Java\jdk1.8.0_251
PATH=C:/Users/dat64/OneDrive/Escritorio/spring/sts-4.10.0.RELEASE//plugins/org.eclipse.justj.openjdk.hotspot.jre.full.win32.x86_64_15.0.2.v20210201-0955/jre/bin/server;C:/Users/dat64/OneDrive/Escritorio/spring/sts-4.10.0.RELEASE//plugins/org.eclipse.justj.openjdk.hotspot.jre.full.win32.x86_64_15.0.2.v20210201-0955/jre/bin;C:\Python38\Scripts\;C:\Python38\;C:\WINDOWS\system32;C:\WINDOWS;C:\WINDOWS\System32\Wbem;C:\WINDOWS\System32\WindowsPowerShell\v1.0\;C:\WINDOWS\System32\OpenSSH\;C:\Users\dat64\Downloads\apache-maven-3.8.1\bin;C:\Program Files\nodejs;C:\Program Files\nodejs\;C:\ProgramData\chocolatey\bin;C:\Program Files\Git\cmd;C:\Program Files\PuTTY\;C:\Program Files (x86)\Windows Kits\10\Windows Performance Toolkit\;C:\Program Files\Java\jdk1.8.0_251\bin;C:\Users\dat64\AppData\Local\Android\Sdk\platform-tools;C:\Users\dat64\AppData\Local\Android\Sdk\tools;C:\Users\dat64\AppData\Local\Android\Sdk;C:\Users\dat64\AppData\Local\Android\Sdk\platforms;C:\Users\dat64\AppData\Local\Microsoft\WindowsApps;C:\Users\dat64\AppData\Local\Programs\Microsoft VS Code\bin;C:\Users\dat64\AppData\Roaming\npm;C:\Program Files\JetBrains\IntelliJ IDEA 2020.2.3\bin;;C:\Program Files\JetBrains\PyCharm 2020.3.3\bin;;C:\Program Files\JetBrains\PyCharm Community Edition 2020.3.3\bin;;;C:\Users\dat64\OneDrive\Escritorio\spring\sts-4.10.0.RELEASE;
USERNAME=dat64
OS=Windows_NT
PROCESSOR_IDENTIFIER=Intel64 Family 6 Model 126 Stepping 5, GenuineIntel



---------------  S Y S T E M  ---------------

OS:
 Windows 10 , 64 bit Build 19041 (10.0.19041.928)
OS uptime: 0 days 6:21 hours
HyperV virtualization detected

CPU: total 8 (initial active 8) (4 cores per cpu, 2 threads per core) family 6 model 126 stepping 5 microcode 0x78, cmov, cx8, fxsr, mmx, sse, sse2, sse3, ssse3, sse4.1, sse4.2, popcnt, vzeroupper, avx, avx2, aes, clmul, erms, 3dnowpref, lzcnt, ht, tsc, tscinvbit, bmi1, bmi2, adx, avx512f, avx512dq, avx512cd, avx512bw, avx512vl, avx512_vpopcntdq, avx512_vpclmulqdq, avx512_vbmi, avx512_vbmi2, avx512_vaes, avx512_vnni, sha, fma, clflush, clflushopt

Memory: 4k page, system-wide physical 7987M (386M free)
TotalPageFile size 21288M (AvailPageFile size 3260M)
current process WorkingSet (physical memory assigned to process): 183M, peak: 183M
current process commit charge ("private bytes"): 219M, peak: 229M

vm_info: OpenJDK 64-Bit Server VM (15.0.2+7-27) for windows-amd64 JRE (15.0.2+7-27), built on Dec  7 2020 20:02:38 by "mach5one" with unknown MS VC++:1925

END.
